<?xml version="1.0" encoding="UTF-8"?>
<testsuite xmlns:xsi="http://www.w3.org/2001/XMLSchema-instance" xsi:noNamespaceSchemaLocation="https://maven.apache.org/surefire/maven-surefire-plugin/xsd/surefire-test-report-3.0.xsd" version="3.0" name="com.luv2code.junitdemo.DemoUtilsTest" time="2.159" tests="10" errors="0" skipped="0" failures="0">
  <properties>
[...]
</properties>
  <testcase name="testNullAndNotNull" classname="com.luv2code.junitdemo.DemoUtilsTest" time="0.068"/>
  <testcase name="testEqualsAndNotEquals" classname="com.luv2code.junitdemo.DemoUtilsTest" time="0.001"/>
  <testcase name="testTrueFalse" classname="com.luv2code.junitdemo.DemoUtilsTest" time="0.009"/>
  <testcase name="testLinesMatch" classname="com.luv2code.junitdemo.DemoUtilsTest" time="0.01"/>
  <testcase name="testTimeout" classname="com.luv2code.junitdemo.DemoUtilsTest" time="2.013">
    <system-out><![CDATA[I am going to sleep
Sleeping over
]]></system-out>
  </testcase>
  <testcase name="testSameAndNotSame" classname="com.luv2code.junitdemo.DemoUtilsTest" time="0.007"/>
  <testcase name="testArrayEquals" classname="com.luv2code.junitdemo.DemoUtilsTest" time="0"/>
  <testcase name="testIterableEquals" classname="com.luv2code.junitdemo.DemoUtilsTest" time="0"/>
  <testcase name="testMultiply" classname="com.luv2code.junitdemo.DemoUtilsTest" time="0"/>
  <testcase name="testThrowsAndDoesNotThrow" classname="com.luv2code.junitdemo.DemoUtilsTest" time="0"/>
</testsuite>